[13-12-2024 16:33:49] [ERROR]: 
    Message: Test session error for global-error 1}
    Code: GLOBAL_ERROR
    Status: 400
    Details: No details
    Stack: No stack available
   
[13-12-2024 16:47:45] [ERROR]: 
    Message: Test session error for global-error 1}
    Code: GLOBAL_ERROR
    Status: 400
    Details: No details
    Stack: No stack available
   
[13-12-2024 16:47:46] [ERROR]: 
    Message: Test session error for global-error 1}
    Code: GLOBAL_ERROR
    Status: 400
    Details: No details
    Stack: No stack available
   
[13-12-2024 16:47:47] [ERROR]: 
    Message: Test session error for global-error 1}
    Code: GLOBAL_ERROR
    Status: 400
    Details: No details
    Stack: No stack available
   
[13-12-2024 16:49:40] [ERROR]: 
    Message: Test session error for global-error 1}
    Code: GLOBAL_ERROR
    Status: 400
    Details: No details
    Stack: No stack available
   
[13-12-2024 16:49:42] [ERROR]: 
    Message: Test session error for global-error 1}
    Code: GLOBAL_ERROR
    Status: 400
    Details: No details
    Stack: No stack available
   
[13-12-2024 16:49:42] [ERROR]: 
    Message: Test session error for global-error 1}
    Code: GLOBAL_ERROR
    Status: 400
    Details: No details
    Stack: No stack available
   
[13-12-2024 16:49:43] [ERROR]: 
    Message: Test session error for global-error 1}
    Code: GLOBAL_ERROR
    Status: 400
    Details: No details
    Stack: No stack available
   
[13-12-2024 16:51:28] [ERROR]: 
    Message: Test session error for global-error 1
    Code: GLOBAL_ERROR
    Status: 400
    Details: No details
    Stack: No stack available
   
[13-12-2024 16:51:33] [ERROR]: 
    Message: Test error for global-error button 2
    Code: GLOBAL_ERROR
    Status: 400
    Details: No details
    Stack: No stack available
   
